xmsakacdcftnredcyvfahzxokmzl
xmuuuuuuuuuuuuuuyvfahzxokmzl
xmuuuuuuuuuuuuuuyvfahzxokmzl
xmuuuuuuuuuuuuuuyvfahzxokmzl
xmuuuuuuuuuuuuuuyvfahzxokmzl
xmuuuuuuuuuuuuuuyvfahzxokmzl
xmuuuuuuuuuuuuuuyvfahzxokmzl
xmuuuuuuuuuuuuuuyvfahzxokmzl
xmuuuuuuuuuuuuuuyvfahzxokmzl
xmuuuuubbbbbbbbbbbbbbzxokmzl
xmuuuuubbbbbbbbbbbbbbzxokmzl
xmuuuuubbbbbbbbbbbbbbzxokmzl
xmuuuuubbbbbbbbbbbbbbzxokmzl
xmuuuuubbbbbbbbbbbbbbzxokmzl
xmuuuuubbbbbbbbbbbbbbzxokmzl
xmuuuuubbbbbbbbbbbbbbzxokmzl
xmuuuuubbjjjjjjjjjjjjjjokmzl
xmuuuuubbjjjjjjjjjjjjjjokmzl
xmuuuuubbjoooooooooooojokmzl
xmuuuuubbjoooooooooooojjkmzl
xmuuuuubbjoooooooooooojjkmzl
xmuuuuubbjoooooooooooojjkmzl
xmuuuuubbjoooooooooooojjkmzl
xmuuuuubbjoooooooooooojjkmzl
xmuuuuubbjoooooooooooojjkmzl
xmuuuuubbjoooooooooooojjkmzl
xmuuuuubbjoooooooooooojjkmzl
xmuuuuubbjoooooooooooojjkmzl
xmuuuuubbjoooooooooooojjkmzl
xmuuuuubbjoooooooooooojjkmzl
xmuuuuubbjoooooooooooojjkmzl
xmuuuuubbjoooooooooooojjkmzl
xmuuuuubbjoooooooooooojjkmzl
xmuuuuubbjoooooooooooojjssss
xmuuuuubbjoooooooooooojjssss
xmuuuuubbjoooooooooooojjssss
xmuuuuubbjoooooooooooojjssss
xmuuuuubbjnnnnnnnnoooojjssss
xmuuuuubbjnnnnnnnnoooojjssss
xmuuuuubuuunnnnnnnoooojjssss
xmuuuuubuuunnnnnnnoooojjssss
xmuuuuubuuunnnnnnsssssssssss
xmuuuuubuuunnnnnnsssssssssss
xmuuuuubuuunnnnnnsssssssssss
xmuuuuubuuunnnnnnsssssssssss
xmuuuuubuuunnnnnnsssssssssss
xmuuuuubuuunnnnnnsssssssssss
xmuuuuubuuunnnnnnsssssssssws
xmuuuuubuuunnnnnnsssssssssws
xmuuuuubuuunnnnnnsssssssssws
xmuuuuubuuunnnnnnsssssssssws
xmuuuuubuuunnnnnnsssssssssws
xmuuuuubuuunnnnnnsssssssssws
xmuuuuubuuunnnnnnsssssssssws
xmuuuuubuuunnnnnnsssssssssws
xmuuuuubuuunnnnnnsssssssssws
xmuuuuubuuunnnnnnsssssssssws
xmuuuuubuuunnnnnnsssssssssws
xmuuuuubuuunnnnnnsssssssssws
xmuuuuubuuunnnnnnsssssssssws
xmuuuuubuuunnnnnnsssssssssws
xmuuuuubuuunnnnnnsssssssssws
xmuuuuubuuunnnnnnsssssssssws
xmuuuuubuuubbbbbbbbbbsssssws
xmuuuuubuuubbbbbbbbbbsssssws
xmuuuuubuuubbbbbbbbbbsssssws
xmuuuuubuuubbbooooooooosssws
xmuuuuubuuubbbooooooooqsssws
xmuuuuubuuubbbooooooooqsssws
xmuuuuubuuubbbooooooooqsssws
xmuuuuubuuubbbooooooooqsssws
xmuuuuubuuubbbooooooooqsssws
xmuuuuubuuubbbooooooooqsssws
xmuuuuubuuubbbooooooooqsssws
xmuuuuubuuubbbooooooooqsssws
xmuuuuubuuubbbooooooooqsppps
xmuuuuubuuubbbooooooooqsppps
xmuuuuubuuubbbooooooooqsppps
xmuuuuubuuubbbooooooooqsppps
xmuuuuubuuubbbooooooooqsppps
xmuuuuubuuubbbooooooooqsppps
xmuuuuubuuubbbooooorrrrsppps
xmuuuuubuuubbbooooorrrrsppps
xmuuuuubuuubbbooooorrrrsppps
xmuuuuubuuuvvvvvvvvvvvrsppps
xmuuuuubuuuvvvvvvvvvvvrsppps
xmuuuuubuuuvvvvvvvvvvvrsppps
xmuuuuubuuuvvvvvvvvvvvrsppps
xmuuuuubuuuvvvvvvvvvvvrsppps
xmuuuuubuuuvvvvvvvvvvvrsppps
xmuuuuubxxxxxxxxxxxxxxxxxxps
xmuuuuubxxxxxxxxxxxxxxxxxxps
xmuuuuubxxxxxxxxxxxxxxxxxxps
xmuuuuubxwwwwwwwwwwwwwwwwxps
xmuuuuubxwwwwwwwwwwwwwwwwxps
xmuuuuubxwwwwwwwwwwwwwwwwxps
xmuuuuunnnnnnnnnnnnnnnwwwxps
xmuuuuunnnnnnnnnnnnnnnwwwxps
xmuuuuunnnnnnnnnnnnnnnwwwxps
